<?xml version="1.0" encoding="UTF-8"?>
<testsuite xmlns:xsi="http://www.w3.org/2001/XMLSchema-instance" xsi:noNamespaceSchemaLocation="https://maven.apache.org/surefire/maven-surefire-plugin/xsd/surefire-test-report-3.0.xsd" version="3.0" name="inf112.skeleton.app.ui.PowerTest" time="3.188" tests="7" errors="0" skipped="0" failures="0">
  <properties>
[...]
</properties>
  <testcase name="getPictureTest" classname="inf112.skeleton.app.ui.PowerTest" time="0"/>
  <testcase name="getLevelTest" classname="inf112.skeleton.app.ui.PowerTest" time="0"/>
  <testcase name="getRarityTest" classname="inf112.skeleton.app.ui.PowerTest" time="0"/>
  <testcase name="acidic_ciderTest" classname="inf112.skeleton.app.ui.PowerTest" time="0.005"/>
  <testcase name="getNameTest" classname="inf112.skeleton.app.ui.PowerTest" time="0.002"/>
  <testcase name="getDescriptionTest" classname="inf112.skeleton.app.ui.PowerTest" time="0.001"/>
  <testcase name="attackSpeedTest" classname="inf112.skeleton.app.ui.PowerTest" time="0.003"/>
</testsuite>